
> at_st@0.0.0 start /home/ubuntu/wooriman/at_st
> nodemon app.js

[33m[nodemon] 1.10.2[39m
[33m[nodemon] to restart at any time, enter `rs`[39m
[33m[nodemon] watching: *.*[39m
[32m[nodemon] starting `node app.js`[39m

stream.js:94
      throw er; // Unhandled stream error in pipe.
            ^
Error: EBADF, read
npm ERR! weird error 8
npm WARN This failure might be due to the use of legacy binary "node"
npm WARN For further explanations, please read
/usr/share/doc/nodejs/README.Debian
 
npm ERR! not ok code 0

events.js:72
        throw er; // Unhandled 'error' event
              ^
Error: listen EADDRINUSE
    at errnoException (net.js:901:11)
    at Server._listen2 (net.js:1039:14)
    at listen (net.js:1061:10)
    at Server.listen (net.js:1135:5)
    at EventEmitter.listen (/home/ubuntu/wooriman/at_st/node_modules/express/lib/application.js:617:24)
    at Object.<anonymous> (/home/ubuntu/wooriman/at_st/app.js:63:18)
    at Module._compile (module.js:456:26)
    at Object.Module._extensions..js (module.js:474:10)
    at Module.load (module.js:356:32)
    at Function.Module._load (module.js:312:12)

module.js:340
    throw err;
          ^
Error: Cannot find module '/home/ubuntu/npm'
    at Function.Module._resolveFilename (module.js:338:15)
    at Function.Module._load (module.js:280:25)
    at Function.Module.runMain (module.js:497:10)
    at startup (node.js:119:16)
    at node.js:902:3
npm ERR! Error: ENOENT, open '/home/ubuntu/package.json'
npm ERR! If you need help, you may report this log at:
npm ERR!     <http://github.com/isaacs/npm/issues>
npm ERR! or email it to:
npm ERR!     <npm-@googlegroups.com>

npm ERR! System Linux 3.13.0-74-generic
npm ERR! command "/usr/bin/nodejs" "/usr/bin/npm" "start"
npm ERR! cwd /home/ubuntu
npm ERR! node -v v0.10.25
npm ERR! npm -v 1.3.10
npm ERR! path /home/ubuntu/package.json
npm ERR! code ENOENT
npm ERR! errno 34
npm ERR! 
npm ERR! Additional logging details can be found in:
npm ERR!     /home/ubuntu/npm-debug.log
npm ERR! not ok code 0

> at_st@0.0.0 start /home/ubuntu/wooriman/at_st
> nodemon app.js

[33m[nodemon] 1.10.2[39m
[33m[nodemon] to restart at any time, enter `rs`[39m
[33m[nodemon] watching: *.*[39m
[32m[nodemon] starting `node app.js`[39m

stream.js:94
      throw er; // Unhandled stream error in pipe.
            ^
Error: EBADF, read
npm ERR! weird error 8
npm WARN This failure might be due to the use of legacy binary "node"
npm WARN For further explanations, please read
/usr/share/doc/nodejs/README.Debian
 
npm ERR! not ok code 0

module.js:340
    throw err;
          ^
Error: Cannot find module '/home/ubuntu/wooriman/at_st/npm'
    at Function.Module._resolveFilename (module.js:338:15)
    at Function.Module._load (module.js:280:25)
    at Function.Module.runMain (module.js:497:10)
    at startup (node.js:119:16)
    at node.js:902:3

module.js:340
    throw err;
          ^
Error: Cannot find module '/home/ubuntu/npm'
    at Function.Module._resolveFilename (module.js:338:15)
    at Function.Module._load (module.js:280:25)
    at Function.Module.runMain (module.js:497:10)
    at startup (node.js:119:16)
    at node.js:902:3

module.js:340
    throw err;
          ^
Error: Cannot find module '/home/ubuntu/npm'
    at Function.Module._resolveFilename (module.js:338:15)
    at Function.Module._load (module.js:280:25)
    at Function.Module.runMain (module.js:497:10)
    at startup (node.js:119:16)
    at node.js:902:3
npm ERR! Error: ENOENT, open '/home/ubuntu/package.json'
npm ERR! If you need help, you may report this log at:
npm ERR!     <http://github.com/isaacs/npm/issues>
npm ERR! or email it to:
npm ERR!     <npm-@googlegroups.com>

npm ERR! System Linux 3.13.0-74-generic
npm ERR! command "/usr/bin/nodejs" "/usr/bin/npm" "start"
npm ERR! cwd /home/ubuntu
npm ERR! node -v v0.10.25
npm ERR! npm -v 1.3.10
npm ERR! path /home/ubuntu/package.json
npm ERR! code ENOENT
npm ERR! errno 34
npm ERR! 
npm ERR! Additional logging details can be found in:
npm ERR!     /home/ubuntu/npm-debug.log
npm ERR! not ok code 0

module.js:340
    throw err;
          ^
Error: Cannot find module '/home/ubuntu/app.js'
    at Function.Module._resolveFilename (module.js:338:15)
    at Function.Module._load (module.js:280:25)
    at Function.Module.runMain (module.js:497:10)
    at startup (node.js:119:16)
    at node.js:902:3

module.js:340
    throw err;
          ^
Error: Cannot find module '/home/ubuntu/wooriman/at_st/npm'
    at Function.Module._resolveFilename (module.js:338:15)
    at Function.Module._load (module.js:280:25)
    at Function.Module.runMain (module.js:497:10)
    at startup (node.js:119:16)
    at node.js:902:3
Express server listening on port 9000
[0mGET / [32m200 [0m9.060 ms - 207[0m
[0mGET /stylesheets/style.css [32m200 [0m3.128 ms - 111[0m
[0mGET / [36m304 [0m1.371 ms - -[0m
[0mGET /stylesheets/style.css [36m304 [0m0.807 ms - -[0m
[0mGET / [36m304 [0m0.606 ms - -[0m
[0mGET /stylesheets/style.css [36m304 [0m0.280 ms - -[0m
[0mGET http://www.baidu.com/cache/global/img/gs.gif [33m404 [0m2.373 ms - 995[0m
